<?xml version="1.0" encoding="UTF-8"?>
<!-- Generated by org.testng.reporters.JUnitXMLReporter -->
<testsuite ignored="0" hostname="LTIN230941" failures="1" tests="1" name="chromeTest" time="32.94" errors="0" timestamp="2024-02-08T10:33:44 IST">
  <testcase classname="testCases.TC_003_CorporateWellness_ValidDetails" name="checkingValidDetails" time="24.564">
    <failure type="java.lang.AssertionError" message="null">
      <![CDATA[java.lang.AssertionError: null
at testCases.TC_003_CorporateWellness_ValidDetails.checkingValidDetails(TC_003_CorporateWellness_ValidDetails.java:50)
at java.base/java.util.ArrayList.forEach(ArrayList.java:1511)
... Removed 33 stack frames]]>
    </failure>
  </testcase> <!-- checkingValidDetails -->
</testsuite> <!-- chromeTest -->
